<?xml version="1.0" encoding="UTF-8"?>
<!-- Generated by org.testng.reporters.JUnitReportReporter -->
<testsuite hostname="DESKTOP-APMU314" name="Scripts.login" tests="1" failures="0" timestamp="12 Dec 2019 04:24:16 GMT" time="30.785" errors="0">
  <testcase name="loginscript" time="30.785" classname="Scripts.login"/>
</testsuite> <!-- Scripts.login -->
